{"@timestamp":"2024-07-26 10:43:58.893","message":"HV000001: Hibernate Validator 8.0.1.Final","logger_name":"o.h.v.i.u.Version","thread_name":"background-preinit","level":"INFO"}
{"@timestamp":"2024-07-26 10:43:58.910","message":"Starting QuestionControllerTest using Java 19.0.2 with PID 33001 (started by ankitkumar in /Users/ankitkumar/Desktop/Project/qna)","logger_name":"o.k.s.q.c.QuestionControllerTest","thread_name":"main","level":"INFO"}
{"@timestamp":"2024-07-26 10:43:58.911","message":"No active profile set, falling back to 1 default profile: \"default\"","logger_name":"o.k.s.q.c.QuestionControllerTest","thread_name":"main","level":"INFO"}
{"@timestamp":"2024-07-26 10:43:59.522","message":"Initializing Spring TestDispatcherServlet ''","logger_name":"o.s.b.t.m.w.SpringBootMockServletContext","thread_name":"main","level":"INFO"}
{"@timestamp":"2024-07-26 10:43:59.523","message":"Initializing Servlet ''","logger_name":"o.s.t.w.s.TestDispatcherServlet","thread_name":"main","level":"INFO"}
{"@timestamp":"2024-07-26 10:43:59.524","message":"Completed initialization in 0 ms","logger_name":"o.s.t.w.s.TestDispatcherServlet","thread_name":"main","level":"INFO"}
{"@timestamp":"2024-07-26 10:43:59.540","message":"Started QuestionControllerTest in 0.9 seconds (process running for 2.151)","logger_name":"o.k.s.q.c.QuestionControllerTest","thread_name":"main","level":"INFO"}
{"@timestamp":"2024-07-26 10:43:59.563","message":"Initializing Spring TestDispatcherServlet ''","logger_name":"o.s.m.w.MockServletContext","thread_name":"main","level":"INFO"}
{"@timestamp":"2024-07-26 10:43:59.563","message":"Initializing Servlet ''","logger_name":"o.s.t.w.s.TestDispatcherServlet","thread_name":"main","level":"INFO"}
{"@timestamp":"2024-07-26 10:43:59.563","message":"Completed initialization in 0 ms","logger_name":"o.s.t.w.s.TestDispatcherServlet","thread_name":"main","level":"INFO"}
{"@timestamp":"2024-07-26 10:43:59.617","message":"Initializing Spring TestDispatcherServlet ''","logger_name":"o.s.m.w.MockServletContext","thread_name":"main","level":"INFO"}
{"@timestamp":"2024-07-26 10:43:59.617","message":"Initializing Servlet ''","logger_name":"o.s.t.w.s.TestDispatcherServlet","thread_name":"main","level":"INFO"}
{"@timestamp":"2024-07-26 10:43:59.618","message":"Completed initialization in 1 ms","logger_name":"o.s.t.w.s.TestDispatcherServlet","thread_name":"main","level":"INFO"}
{"@timestamp":"2024-07-26 10:43:59.699","message":"Initializing Spring TestDispatcherServlet ''","logger_name":"o.s.m.w.MockServletContext","thread_name":"main","level":"INFO"}
{"@timestamp":"2024-07-26 10:43:59.699","message":"Initializing Servlet ''","logger_name":"o.s.t.w.s.TestDispatcherServlet","thread_name":"main","level":"INFO"}
{"@timestamp":"2024-07-26 10:43:59.700","message":"Completed initialization in 1 ms","logger_name":"o.s.t.w.s.TestDispatcherServlet","thread_name":"main","level":"INFO"}
{"@timestamp":"2024-07-26 10:43:59.719","message":"Initializing Spring TestDispatcherServlet ''","logger_name":"o.s.m.w.MockServletContext","thread_name":"main","level":"INFO"}
{"@timestamp":"2024-07-26 10:43:59.719","message":"Initializing Servlet ''","logger_name":"o.s.t.w.s.TestDispatcherServlet","thread_name":"main","level":"INFO"}
{"@timestamp":"2024-07-26 10:43:59.719","message":"Completed initialization in 0 ms","logger_name":"o.s.t.w.s.TestDispatcherServlet","thread_name":"main","level":"INFO"}
{"@timestamp":"2024-07-26 10:43:59.745","message":"Initializing Spring TestDispatcherServlet ''","logger_name":"o.s.m.w.MockServletContext","thread_name":"main","level":"INFO"}
{"@timestamp":"2024-07-26 10:43:59.745","message":"Initializing Servlet ''","logger_name":"o.s.t.w.s.TestDispatcherServlet","thread_name":"main","level":"INFO"}
{"@timestamp":"2024-07-26 10:43:59.745","message":"Completed initialization in 0 ms","logger_name":"o.s.t.w.s.TestDispatcherServlet","thread_name":"main","level":"INFO"}
{"@timestamp":"2024-07-26 10:44:21.328","message":"HV000001: Hibernate Validator 8.0.1.Final","logger_name":"o.h.v.i.u.Version","thread_name":"background-preinit","level":"INFO"}
{"@timestamp":"2024-07-26 10:44:21.348","message":"Starting QnaApplication using Java 19.0.2 with PID 33034 (/Users/ankitkumar/Desktop/Project/qna/target/classes started by ankitkumar in /Users/ankitkumar/Desktop/Project/qna)","logger_name":"o.k.s.q.QnaApplication","thread_name":"main","level":"INFO"}
{"@timestamp":"2024-07-26 10:44:21.348","message":"No active profile set, falling back to 1 default profile: \"default\"","logger_name":"o.k.s.q.QnaApplication","thread_name":"main","level":"INFO"}
{"@timestamp":"2024-07-26 10:44:21.748","message":"Bootstrapping Spring Data JPA repositories in DEFAULT mode.","logger_name":"o.s.d.r.c.RepositoryConfigurationDelegate","thread_name":"main","level":"INFO"}
{"@timestamp":"2024-07-26 10:44:21.784","message":"Finished Spring Data repository scanning in 32 ms. Found 4 JPA repository interfaces.","logger_name":"o.s.d.r.c.RepositoryConfigurationDelegate","thread_name":"main","level":"INFO"}
{"@timestamp":"2024-07-26 10:44:22.041","message":"Tomcat initialized with port 9191 (http)","logger_name":"o.s.b.w.e.t.TomcatWebServer","thread_name":"main","level":"INFO"}
{"@timestamp":"2024-07-26 10:44:22.047","message":"Initializing ProtocolHandler [\"http-nio-9191\"]","logger_name":"o.a.c.h.Http11NioProtocol","thread_name":"main","level":"INFO"}
{"@timestamp":"2024-07-26 10:44:22.048","message":"Starting service [Tomcat]","logger_name":"o.a.c.c.StandardService","thread_name":"main","level":"INFO"}
{"@timestamp":"2024-07-26 10:44:22.048","message":"Starting Servlet engine: [Apache Tomcat/10.1.26]","logger_name":"o.a.c.c.StandardEngine","thread_name":"main","level":"INFO"}
{"@timestamp":"2024-07-26 10:44:22.084","message":"Initializing Spring embedded WebApplicationContext","logger_name":"o.a.c.c.C.[.[.[/]","thread_name":"main","level":"INFO"}
{"@timestamp":"2024-07-26 10:44:22.085","message":"Root WebApplicationContext: initialization completed in 716 ms","logger_name":"o.s.b.w.s.c.ServletWebServerApplicationContext","thread_name":"main","level":"INFO"}
{"@timestamp":"2024-07-26 10:44:22.201","message":"HHH000204: Processing PersistenceUnitInfo [name: default]","logger_name":"o.h.j.i.u.LogHelper","thread_name":"main","level":"INFO"}
{"@timestamp":"2024-07-26 10:44:22.238","message":"HHH000412: Hibernate ORM core version 6.5.2.Final","logger_name":"o.h.Version","thread_name":"main","level":"INFO"}
{"@timestamp":"2024-07-26 10:44:22.267","message":"HHH000026: Second-level cache disabled","logger_name":"o.h.c.i.RegionFactoryInitiator","thread_name":"main","level":"INFO"}
{"@timestamp":"2024-07-26 10:44:22.423","message":"No LoadTimeWeaver setup: ignoring JPA class transformer","logger_name":"o.s.o.j.p.SpringPersistenceUnitInfo","thread_name":"main","level":"INFO"}
{"@timestamp":"2024-07-26 10:44:22.436","message":"HikariPool-1 - Starting...","logger_name":"c.z.h.HikariDataSource","thread_name":"main","level":"INFO"}
{"@timestamp":"2024-07-26 10:44:22.518","message":"HikariPool-1 - Added connection com.mysql.cj.jdbc.ConnectionImpl@13b29b34","logger_name":"c.z.h.p.HikariPool","thread_name":"main","level":"INFO"}
{"@timestamp":"2024-07-26 10:44:22.519","message":"HikariPool-1 - Start completed.","logger_name":"c.z.h.HikariDataSource","thread_name":"main","level":"INFO"}
{"@timestamp":"2024-07-26 10:44:22.545","message":"HHH90000025: MySQL8Dialect does not need to be specified explicitly using 'hibernate.dialect' (remove the property setting and it will be selected by default)","logger_name":"o.h.o.deprecation","thread_name":"main","level":"WARN"}
{"@timestamp":"2024-07-26 10:44:22.545","message":"HHH90000026: MySQL8Dialect has been deprecated; use org.hibernate.dialect.MySQLDialect instead","logger_name":"o.h.o.deprecation","thread_name":"main","level":"WARN"}
{"@timestamp":"2024-07-26 10:44:23.055","message":"HHH000489: No JTA platform available (set 'hibernate.transaction.jta.platform' to enable JTA platform integration)","logger_name":"o.h.e.t.j.p.i.JtaPlatformInitiator","thread_name":"main","level":"INFO"}
{"@timestamp":"2024-07-26 10:44:23.152","message":"Initialized JPA EntityManagerFactory for persistence unit 'default'","logger_name":"o.s.o.j.LocalContainerEntityManagerFactoryBean","thread_name":"main","level":"INFO"}
{"@timestamp":"2024-07-26 10:44:23.318","message":"Hibernate is in classpath; If applicable, HQL parser will be used.","logger_name":"o.s.d.j.r.q.QueryEnhancerFactory","thread_name":"main","level":"INFO"}
{"@timestamp":"2024-07-26 10:44:23.749","message":"spring.jpa.open-in-view is enabled by default. Therefore, database queries may be performed during view rendering. Explicitly configure spring.jpa.open-in-view to disable this warning","logger_name":"o.s.b.a.o.j.JpaBaseConfiguration$JpaWebConfiguration","thread_name":"main","level":"WARN"}
{"@timestamp":"2024-07-26 10:44:23.948","message":"Starting ProtocolHandler [\"http-nio-9191\"]","logger_name":"o.a.c.h.Http11NioProtocol","thread_name":"main","level":"INFO"}
{"@timestamp":"2024-07-26 10:44:23.957","message":"Tomcat started on port 9191 (http) with context path '/'","logger_name":"o.s.b.w.e.t.TomcatWebServer","thread_name":"main","level":"INFO"}
{"@timestamp":"2024-07-26 10:44:23.964","message":"Started QnaApplication in 2.992 seconds (process running for 3.325)","logger_name":"o.k.s.q.QnaApplication","thread_name":"main","level":"INFO"}
{"@timestamp":"2024-07-26 10:44:25.257","message":"Initializing Spring DispatcherServlet 'dispatcherServlet'","logger_name":"o.a.c.c.C.[.[.[/]","thread_name":"http-nio-9191-exec-1","level":"INFO"}
{"@timestamp":"2024-07-26 10:44:25.257","message":"Initializing Servlet 'dispatcherServlet'","logger_name":"o.s.w.s.DispatcherServlet","thread_name":"http-nio-9191-exec-1","level":"INFO"}
{"@timestamp":"2024-07-26 10:44:25.258","message":"Completed initialization in 1 ms","logger_name":"o.s.w.s.DispatcherServlet","thread_name":"http-nio-9191-exec-1","level":"INFO"}
{"@timestamp":"2024-07-26 10:44:28.218","message":"Time taken to execute [GET] /ques/get-all is 2955 ms ::: sourceIp - 127.0.0.1 ::: request status - 200","logger_name":"o.k.s.q.f.RequestLoggingFilter","thread_name":"http-nio-9191-exec-1","level":"INFO","requestId":"ab558827-5fc2-4f14-a615-138deae5c08c","user-id":"3","AMBASSADOR-REQUEST-ID":"dd3061fb-3ed6-4ffa-8f8c-1a33c2a1bf82","http-method":"GET","uri":"/ques/get-all","clientIP":"127.0.0.1","status":200,"executionTime":2955}
{"@timestamp":"2024-07-26 10:46:19.583","message":"HikariPool-1 - Thread starvation or clock leap detected (housekeeper delta=56s949ms).","logger_name":"c.z.h.p.HikariPool","thread_name":"HikariPool-1 housekeeper","level":"WARN"}
{"@timestamp":"2024-07-26 10:46:20.936","message":"Time taken to execute [GET] /ques/get-all is 54402 ms ::: sourceIp - 127.0.0.1 ::: request status - 200","logger_name":"o.k.s.q.f.RequestLoggingFilter","thread_name":"http-nio-9191-exec-2","level":"INFO","requestId":"8707ea62-5643-45ee-adbc-67ff96b142eb","user-id":"3","AMBASSADOR-REQUEST-ID":"c814f80e-5452-4f44-9270-b6c9beaf8b78","http-method":"GET","uri":"/ques/get-all","clientIP":"127.0.0.1","status":200,"executionTime":54402}
{"@timestamp":"2024-07-26 10:46:51.192","message":"Closing JPA EntityManagerFactory for persistence unit 'default'","logger_name":"o.s.o.j.LocalContainerEntityManagerFactoryBean","thread_name":"SpringApplicationShutdownHook","level":"INFO"}
{"@timestamp":"2024-07-26 10:46:51.196","message":"HikariPool-1 - Shutdown initiated...","logger_name":"c.z.h.HikariDataSource","thread_name":"SpringApplicationShutdownHook","level":"INFO"}
{"@timestamp":"2024-07-26 10:46:51.204","message":"HikariPool-1 - Shutdown completed.","logger_name":"c.z.h.HikariDataSource","thread_name":"SpringApplicationShutdownHook","level":"INFO"}
{"@timestamp":"2024-07-26 12:32:30.991","message":"HV000001: Hibernate Validator 8.0.1.Final","logger_name":"o.h.v.i.u.Version","thread_name":"background-preinit","level":"INFO"}
{"@timestamp":"2024-07-26 12:32:31.013","message":"Starting QnaApplication using Java 19.0.2 with PID 42115 (/Users/ankitkumar/Desktop/Project/qna/target/classes started by ankitkumar in /Users/ankitkumar/Desktop/Project/qna)","logger_name":"o.k.s.q.QnaApplication","thread_name":"main","level":"INFO"}
{"@timestamp":"2024-07-26 12:32:31.014","message":"No active profile set, falling back to 1 default profile: \"default\"","logger_name":"o.k.s.q.QnaApplication","thread_name":"main","level":"INFO"}
{"@timestamp":"2024-07-26 12:32:31.495","message":"Bootstrapping Spring Data JPA repositories in DEFAULT mode.","logger_name":"o.s.d.r.c.RepositoryConfigurationDelegate","thread_name":"main","level":"INFO"}
{"@timestamp":"2024-07-26 12:32:31.532","message":"Finished Spring Data repository scanning in 32 ms. Found 4 JPA repository interfaces.","logger_name":"o.s.d.r.c.RepositoryConfigurationDelegate","thread_name":"main","level":"INFO"}
{"@timestamp":"2024-07-26 12:32:31.822","message":"Tomcat initialized with port 9191 (http)","logger_name":"o.s.b.w.e.t.TomcatWebServer","thread_name":"main","level":"INFO"}
{"@timestamp":"2024-07-26 12:32:31.828","message":"Initializing ProtocolHandler [\"http-nio-9191\"]","logger_name":"o.a.c.h.Http11NioProtocol","thread_name":"main","level":"INFO"}
{"@timestamp":"2024-07-26 12:32:31.830","message":"Starting service [Tomcat]","logger_name":"o.a.c.c.StandardService","thread_name":"main","level":"INFO"}
{"@timestamp":"2024-07-26 12:32:31.830","message":"Starting Servlet engine: [Apache Tomcat/10.1.26]","logger_name":"o.a.c.c.StandardEngine","thread_name":"main","level":"INFO"}
{"@timestamp":"2024-07-26 12:32:31.860","message":"Initializing Spring embedded WebApplicationContext","logger_name":"o.a.c.c.C.[.[.[/]","thread_name":"main","level":"INFO"}
{"@timestamp":"2024-07-26 12:32:31.861","message":"Root WebApplicationContext: initialization completed in 817 ms","logger_name":"o.s.b.w.s.c.ServletWebServerApplicationContext","thread_name":"main","level":"INFO"}
{"@timestamp":"2024-07-26 12:32:31.949","message":"HHH000204: Processing PersistenceUnitInfo [name: default]","logger_name":"o.h.j.i.u.LogHelper","thread_name":"main","level":"INFO"}
{"@timestamp":"2024-07-26 12:32:31.978","message":"HHH000412: Hibernate ORM core version 6.5.2.Final","logger_name":"o.h.Version","thread_name":"main","level":"INFO"}
{"@timestamp":"2024-07-26 12:32:31.994","message":"HHH000026: Second-level cache disabled","logger_name":"o.h.c.i.RegionFactoryInitiator","thread_name":"main","level":"INFO"}
{"@timestamp":"2024-07-26 12:32:32.177","message":"No LoadTimeWeaver setup: ignoring JPA class transformer","logger_name":"o.s.o.j.p.SpringPersistenceUnitInfo","thread_name":"main","level":"INFO"}
{"@timestamp":"2024-07-26 12:32:32.198","message":"HikariPool-1 - Starting...","logger_name":"c.z.h.HikariDataSource","thread_name":"main","level":"INFO"}
{"@timestamp":"2024-07-26 12:32:32.294","message":"HikariPool-1 - Added connection com.mysql.cj.jdbc.ConnectionImpl@70169464","logger_name":"c.z.h.p.HikariPool","thread_name":"main","level":"INFO"}
{"@timestamp":"2024-07-26 12:32:32.295","message":"HikariPool-1 - Start completed.","logger_name":"c.z.h.HikariDataSource","thread_name":"main","level":"INFO"}
{"@timestamp":"2024-07-26 12:32:32.336","message":"HHH90000025: MySQL8Dialect does not need to be specified explicitly using 'hibernate.dialect' (remove the property setting and it will be selected by default)","logger_name":"o.h.o.deprecation","thread_name":"main","level":"WARN"}
{"@timestamp":"2024-07-26 12:32:32.337","message":"HHH90000026: MySQL8Dialect has been deprecated; use org.hibernate.dialect.MySQLDialect instead","logger_name":"o.h.o.deprecation","thread_name":"main","level":"WARN"}
{"@timestamp":"2024-07-26 12:32:32.884","message":"HHH000489: No JTA platform available (set 'hibernate.transaction.jta.platform' to enable JTA platform integration)","logger_name":"o.h.e.t.j.p.i.JtaPlatformInitiator","thread_name":"main","level":"INFO"}
{"@timestamp":"2024-07-26 12:32:33.001","message":"Initialized JPA EntityManagerFactory for persistence unit 'default'","logger_name":"o.s.o.j.LocalContainerEntityManagerFactoryBean","thread_name":"main","level":"INFO"}
{"@timestamp":"2024-07-26 12:32:33.232","message":"Hibernate is in classpath; If applicable, HQL parser will be used.","logger_name":"o.s.d.j.r.q.QueryEnhancerFactory","thread_name":"main","level":"INFO"}
{"@timestamp":"2024-07-26 12:32:34.026","message":"spring.jpa.open-in-view is enabled by default. Therefore, database queries may be performed during view rendering. Explicitly configure spring.jpa.open-in-view to disable this warning","logger_name":"o.s.b.a.o.j.JpaBaseConfiguration$JpaWebConfiguration","thread_name":"main","level":"WARN"}
{"@timestamp":"2024-07-26 12:32:34.332","message":"Starting ProtocolHandler [\"http-nio-9191\"]","logger_name":"o.a.c.h.Http11NioProtocol","thread_name":"main","level":"INFO"}
{"@timestamp":"2024-07-26 12:32:34.346","message":"Tomcat started on port 9191 (http) with context path '/'","logger_name":"o.s.b.w.e.t.TomcatWebServer","thread_name":"main","level":"INFO"}
{"@timestamp":"2024-07-26 12:32:34.353","message":"Started QnaApplication in 3.714 seconds (process running for 4.116)","logger_name":"o.k.s.q.QnaApplication","thread_name":"main","level":"INFO"}
{"@timestamp":"2024-07-26 12:32:54.598","message":"Initializing Spring DispatcherServlet 'dispatcherServlet'","logger_name":"o.a.c.c.C.[.[.[/]","thread_name":"http-nio-9191-exec-1","level":"INFO"}
{"@timestamp":"2024-07-26 12:32:54.598","message":"Initializing Servlet 'dispatcherServlet'","logger_name":"o.s.w.s.DispatcherServlet","thread_name":"http-nio-9191-exec-1","level":"INFO"}
{"@timestamp":"2024-07-26 12:32:54.599","message":"Completed initialization in 1 ms","logger_name":"o.s.w.s.DispatcherServlet","thread_name":"http-nio-9191-exec-1","level":"INFO"}
{"@timestamp":"2024-07-26 12:32:57.199","message":"Time taken to execute [GET] /ques/search is 2596 ms ::: sourceIp - 127.0.0.1 ::: request status - 200","logger_name":"o.k.s.q.f.RequestLoggingFilter","thread_name":"http-nio-9191-exec-1","level":"INFO","requestId":"5725760a-dafb-4cad-bb81-76d417597e09","user-id":"","AMBASSADOR-REQUEST-ID":"173fecfe-4238-4735-a1d6-f8dbf4151777","http-method":"GET","uri":"/ques/search","clientIP":"127.0.0.1","status":200,"executionTime":2596}
{"@timestamp":"2024-07-26 12:33:04.610","message":"Time taken to execute [GET] /ques/search is 44 ms ::: sourceIp - 127.0.0.1 ::: request status - 200","logger_name":"o.k.s.q.f.RequestLoggingFilter","thread_name":"http-nio-9191-exec-2","level":"INFO","requestId":"d437f896-f9b5-4d8f-87d5-8152b84ea327","user-id":"3","AMBASSADOR-REQUEST-ID":"7d227fdf-2953-4bed-b0ea-75eb10488a97","http-method":"GET","uri":"/ques/search","clientIP":"127.0.0.1","status":200,"executionTime":44}
{"@timestamp":"2024-07-26 12:41:27.575","message":"Closing JPA EntityManagerFactory for persistence unit 'default'","logger_name":"o.s.o.j.LocalContainerEntityManagerFactoryBean","thread_name":"SpringApplicationShutdownHook","level":"INFO"}
{"@timestamp":"2024-07-26 12:41:27.579","message":"HikariPool-1 - Shutdown initiated...","logger_name":"c.z.h.HikariDataSource","thread_name":"SpringApplicationShutdownHook","level":"INFO"}
{"@timestamp":"2024-07-26 12:41:27.586","message":"HikariPool-1 - Shutdown completed.","logger_name":"c.z.h.HikariDataSource","thread_name":"SpringApplicationShutdownHook","level":"INFO"}
{"@timestamp":"2024-07-26 12:41:41.914","message":"HV000001: Hibernate Validator 8.0.1.Final","logger_name":"o.h.v.i.u.Version","thread_name":"background-preinit","level":"INFO"}
{"@timestamp":"2024-07-26 12:41:41.935","message":"Starting QnaApplication using Java 19.0.2 with PID 43009 (/Users/ankitkumar/Desktop/Project/qna/target/classes started by ankitkumar in /Users/ankitkumar/Desktop/Project/qna)","logger_name":"o.k.s.q.QnaApplication","thread_name":"main","level":"INFO"}
{"@timestamp":"2024-07-26 12:41:41.936","message":"No active profile set, falling back to 1 default profile: \"default\"","logger_name":"o.k.s.q.QnaApplication","thread_name":"main","level":"INFO"}
{"@timestamp":"2024-07-26 12:41:42.363","message":"Bootstrapping Spring Data JPA repositories in DEFAULT mode.","logger_name":"o.s.d.r.c.RepositoryConfigurationDelegate","thread_name":"main","level":"INFO"}
{"@timestamp":"2024-07-26 12:41:42.402","message":"Finished Spring Data repository scanning in 31 ms. Found 4 JPA repository interfaces.","logger_name":"o.s.d.r.c.RepositoryConfigurationDelegate","thread_name":"main","level":"INFO"}
{"@timestamp":"2024-07-26 12:41:42.667","message":"Tomcat initialized with port 9191 (http)","logger_name":"o.s.b.w.e.t.TomcatWebServer","thread_name":"main","level":"INFO"}
{"@timestamp":"2024-07-26 12:41:42.672","message":"Initializing ProtocolHandler [\"http-nio-9191\"]","logger_name":"o.a.c.h.Http11NioProtocol","thread_name":"main","level":"INFO"}
{"@timestamp":"2024-07-26 12:41:42.674","message":"Starting service [Tomcat]","logger_name":"o.a.c.c.StandardService","thread_name":"main","level":"INFO"}
{"@timestamp":"2024-07-26 12:41:42.674","message":"Starting Servlet engine: [Apache Tomcat/10.1.26]","logger_name":"o.a.c.c.StandardEngine","thread_name":"main","level":"INFO"}
{"@timestamp":"2024-07-26 12:41:42.703","message":"Initializing Spring embedded WebApplicationContext","logger_name":"o.a.c.c.C.[.[.[/]","thread_name":"main","level":"INFO"}
{"@timestamp":"2024-07-26 12:41:42.703","message":"Root WebApplicationContext: initialization completed in 744 ms","logger_name":"o.s.b.w.s.c.ServletWebServerApplicationContext","thread_name":"main","level":"INFO"}
{"@timestamp":"2024-07-26 12:41:42.785","message":"HHH000204: Processing PersistenceUnitInfo [name: default]","logger_name":"o.h.j.i.u.LogHelper","thread_name":"main","level":"INFO"}
{"@timestamp":"2024-07-26 12:41:42.811","message":"HHH000412: Hibernate ORM core version 6.5.2.Final","logger_name":"o.h.Version","thread_name":"main","level":"INFO"}
{"@timestamp":"2024-07-26 12:41:42.827","message":"HHH000026: Second-level cache disabled","logger_name":"o.h.c.i.RegionFactoryInitiator","thread_name":"main","level":"INFO"}
{"@timestamp":"2024-07-26 12:41:42.979","message":"No LoadTimeWeaver setup: ignoring JPA class transformer","logger_name":"o.s.o.j.p.SpringPersistenceUnitInfo","thread_name":"main","level":"INFO"}
{"@timestamp":"2024-07-26 12:41:42.992","message":"HikariPool-1 - Starting...","logger_name":"c.z.h.HikariDataSource","thread_name":"main","level":"INFO"}
{"@timestamp":"2024-07-26 12:41:43.081","message":"HikariPool-1 - Added connection com.mysql.cj.jdbc.ConnectionImpl@13b29b34","logger_name":"c.z.h.p.HikariPool","thread_name":"main","level":"INFO"}
{"@timestamp":"2024-07-26 12:41:43.082","message":"HikariPool-1 - Start completed.","logger_name":"c.z.h.HikariDataSource","thread_name":"main","level":"INFO"}
{"@timestamp":"2024-07-26 12:41:43.114","message":"HHH90000025: MySQL8Dialect does not need to be specified explicitly using 'hibernate.dialect' (remove the property setting and it will be selected by default)","logger_name":"o.h.o.deprecation","thread_name":"main","level":"WARN"}
{"@timestamp":"2024-07-26 12:41:43.115","message":"HHH90000026: MySQL8Dialect has been deprecated; use org.hibernate.dialect.MySQLDialect instead","logger_name":"o.h.o.deprecation","thread_name":"main","level":"WARN"}
{"@timestamp":"2024-07-26 12:41:43.649","message":"HHH000489: No JTA platform available (set 'hibernate.transaction.jta.platform' to enable JTA platform integration)","logger_name":"o.h.e.t.j.p.i.JtaPlatformInitiator","thread_name":"main","level":"INFO"}
{"@timestamp":"2024-07-26 12:41:43.734","message":"Initialized JPA EntityManagerFactory for persistence unit 'default'","logger_name":"o.s.o.j.LocalContainerEntityManagerFactoryBean","thread_name":"main","level":"INFO"}
{"@timestamp":"2024-07-26 12:41:43.875","message":"Hibernate is in classpath; If applicable, HQL parser will be used.","logger_name":"o.s.d.j.r.q.QueryEnhancerFactory","thread_name":"main","level":"INFO"}
{"@timestamp":"2024-07-26 12:41:44.309","message":"spring.jpa.open-in-view is enabled by default. Therefore, database queries may be performed during view rendering. Explicitly configure spring.jpa.open-in-view to disable this warning","logger_name":"o.s.b.a.o.j.JpaBaseConfiguration$JpaWebConfiguration","thread_name":"main","level":"WARN"}
{"@timestamp":"2024-07-26 12:41:44.510","message":"Starting ProtocolHandler [\"http-nio-9191\"]","logger_name":"o.a.c.h.Http11NioProtocol","thread_name":"main","level":"INFO"}
{"@timestamp":"2024-07-26 12:41:44.519","message":"Tomcat started on port 9191 (http) with context path '/'","logger_name":"o.s.b.w.e.t.TomcatWebServer","thread_name":"main","level":"INFO"}
{"@timestamp":"2024-07-26 12:41:44.526","message":"Started QnaApplication in 2.951 seconds (process running for 3.283)","logger_name":"o.k.s.q.QnaApplication","thread_name":"main","level":"INFO"}
{"@timestamp":"2024-07-26 12:42:34.757","message":"Initializing Spring DispatcherServlet 'dispatcherServlet'","logger_name":"o.a.c.c.C.[.[.[/]","thread_name":"http-nio-9191-exec-1","level":"INFO"}
{"@timestamp":"2024-07-26 12:42:34.758","message":"Initializing Servlet 'dispatcherServlet'","logger_name":"o.s.w.s.DispatcherServlet","thread_name":"http-nio-9191-exec-1","level":"INFO"}
{"@timestamp":"2024-07-26 12:42:34.762","message":"Completed initialization in 3 ms","logger_name":"o.s.w.s.DispatcherServlet","thread_name":"http-nio-9191-exec-1","level":"INFO"}
{"@timestamp":"2024-07-26 12:42:34.986","message":"Time taken to execute [GET] /ques/search is 219 ms ::: sourceIp - 127.0.0.1 ::: request status - 200","logger_name":"o.k.s.q.f.RequestLoggingFilter","thread_name":"http-nio-9191-exec-1","level":"INFO","requestId":"34a83025-e128-4525-ac94-3b5d4443801e","user-id":"3","AMBASSADOR-REQUEST-ID":"50d8db7e-5be0-4ca8-a063-81fd34304b67","http-method":"GET","uri":"/ques/search","clientIP":"127.0.0.1","status":200,"executionTime":219}
{"@timestamp":"2024-07-26 12:42:50.375","message":"Time taken to execute [GET] /ques/extract-all is 73 ms ::: sourceIp - 127.0.0.1 ::: request status - 200","logger_name":"o.k.s.q.f.RequestLoggingFilter","thread_name":"http-nio-9191-exec-2","level":"INFO","requestId":"c53c58f9-339c-4255-996a-923192bde2c0","user-id":"3","AMBASSADOR-REQUEST-ID":"6591c7c5-c4d6-450e-9cd4-1b5d8de08ea4","http-method":"GET","uri":"/ques/extract-all","clientIP":"127.0.0.1","status":200,"executionTime":73}
{"@timestamp":"2024-07-26 14:08:28.812","message":"Time taken to execute [GET] /ques/extract-all is 102 ms ::: sourceIp - 127.0.0.1 ::: request status - 200","logger_name":"o.k.s.q.f.RequestLoggingFilter","thread_name":"http-nio-9191-exec-4","level":"INFO","requestId":"5e98d23b-05ff-4619-8a48-c03e0491a7ba","user-id":"","AMBASSADOR-REQUEST-ID":"cfd002c7-8197-4325-a2b1-aedd3530cc7c","http-method":"GET","uri":"/ques/extract-all","clientIP":"127.0.0.1","status":200,"executionTime":102}
{"@timestamp":"2024-07-26 14:11:35.697","message":"Time taken to execute [GET] /ques/get-all is 43 ms ::: sourceIp - 127.0.0.1 ::: request status - 200","logger_name":"o.k.s.q.f.RequestLoggingFilter","thread_name":"http-nio-9191-exec-6","level":"INFO","requestId":"d39faf71-c9e9-4c0b-a918-d4b16948013c","user-id":"26","AMBASSADOR-REQUEST-ID":"ead15b7e-ef31-4d16-bc7b-e4b73df898a4","http-method":"GET","uri":"/ques/get-all","clientIP":"127.0.0.1","status":200,"executionTime":43}
{"@timestamp":"2024-07-26 14:12:40.599","message":"Request received for creating new question from userId:26, data:QuestionDto(questionId=null, userId=null, author=null, title=How to parse JSON in Java?, content=What are the different ways to parse JSON in Java?, tags=null, medias=[MediaDto(mediaType=PHOTO, url=https://example.com/photo10)], totalUpvotes=null, totalDownvotes=null)","logger_name":"o.k.s.q.s.i.QuestionServiceImpl","thread_name":"http-nio-9191-exec-8","level":"INFO","requestId":"3f22eb1f-d077-4a06-b809-122ef19e2160","user-id":"26","AMBASSADOR-REQUEST-ID":"c3194fe0-3714-4d67-9b25-0d5e5283ebc5"}
{"@timestamp":"2024-07-26 14:12:40.664","message":"Successfully created new question of userId:26, quesId:25","logger_name":"o.k.s.q.s.i.QuestionServiceImpl","thread_name":"http-nio-9191-exec-8","level":"INFO","requestId":"3f22eb1f-d077-4a06-b809-122ef19e2160","user-id":"26","AMBASSADOR-REQUEST-ID":"c3194fe0-3714-4d67-9b25-0d5e5283ebc5"}
{"@timestamp":"2024-07-26 14:12:40.673","message":"Time taken to execute [POST] /ques/create is 149 ms ::: sourceIp - 127.0.0.1 ::: request status - 201","logger_name":"o.k.s.q.f.RequestLoggingFilter","thread_name":"http-nio-9191-exec-8","level":"INFO","requestId":"3f22eb1f-d077-4a06-b809-122ef19e2160","user-id":"26","AMBASSADOR-REQUEST-ID":"c3194fe0-3714-4d67-9b25-0d5e5283ebc5","http-method":"POST","uri":"/ques/create","clientIP":"127.0.0.1","status":201,"executionTime":149}
{"@timestamp":"2024-07-26 14:12:47.627","message":"Time taken to execute [GET] /ques/get-all is 10 ms ::: sourceIp - 127.0.0.1 ::: request status - 200","logger_name":"o.k.s.q.f.RequestLoggingFilter","thread_name":"http-nio-9191-exec-10","level":"INFO","requestId":"b6c35fde-bb30-42da-ab5e-8945ad7d8b2e","user-id":"26","AMBASSADOR-REQUEST-ID":"a83cb06c-313c-451c-95ac-ee6ad483fc10","http-method":"GET","uri":"/ques/get-all","clientIP":"127.0.0.1","status":200,"executionTime":10}
{"@timestamp":"2024-07-26 14:13:03.518","message":"Time taken to execute [GET] /ques/get-all is 12 ms ::: sourceIp - 127.0.0.1 ::: request status - 200","logger_name":"o.k.s.q.f.RequestLoggingFilter","thread_name":"http-nio-9191-exec-9","level":"INFO","requestId":"6a6ee21c-cce1-49cf-a352-18ab493ce67f","user-id":"26","AMBASSADOR-REQUEST-ID":"5384611e-cc8c-47db-bc68-e59bd75dcb5d","http-method":"GET","uri":"/ques/get-all","clientIP":"127.0.0.1","status":200,"executionTime":12}
{"@timestamp":"2024-07-26 14:16:33.799","message":"Time taken to execute [GET] /ques/get-all is 35 ms ::: sourceIp - 127.0.0.1 ::: request status - 200","logger_name":"o.k.s.q.f.RequestLoggingFilter","thread_name":"http-nio-9191-exec-2","level":"INFO","requestId":"865b9376-dd4e-49ac-abc8-7df9e6d8c31a","user-id":"28","AMBASSADOR-REQUEST-ID":"e9890d63-7e99-4edf-a087-0b61044e73fd","http-method":"GET","uri":"/ques/get-all","clientIP":"127.0.0.1","status":200,"executionTime":35}
{"@timestamp":"2024-07-26 18:52:05.226","message":"HikariPool-1 - Thread starvation or clock leap detected (housekeeper delta=1h41m19s843ms).","logger_name":"c.z.h.p.HikariPool","thread_name":"HikariPool-1 housekeeper","level":"WARN"}
{"@timestamp":"2024-07-26 19:30:36.972","message":"HikariPool-1 - Thread starvation or clock leap detected (housekeeper delta=38m31s747ms).","logger_name":"c.z.h.p.HikariPool","thread_name":"HikariPool-1 housekeeper","level":"WARN"}
{"@timestamp":"2024-07-26 20:32:08.206","message":"HikariPool-1 - Thread starvation or clock leap detected (housekeeper delta=33m935ms).","logger_name":"c.z.h.p.HikariPool","thread_name":"HikariPool-1 housekeeper","level":"WARN"}
{"@timestamp":"2024-07-26 21:11:59.375","message":"HikariPool-1 - Thread starvation or clock leap detected (housekeeper delta=39m51s169ms).","logger_name":"c.z.h.p.HikariPool","thread_name":"HikariPool-1 housekeeper","level":"WARN"}
{"@timestamp":"2024-07-26 21:15:47.543","message":"Closing JPA EntityManagerFactory for persistence unit 'default'","logger_name":"o.s.o.j.LocalContainerEntityManagerFactoryBean","thread_name":"SpringApplicationShutdownHook","level":"INFO"}
{"@timestamp":"2024-07-26 21:15:47.558","message":"HikariPool-1 - Shutdown initiated...","logger_name":"c.z.h.HikariDataSource","thread_name":"SpringApplicationShutdownHook","level":"INFO"}
{"@timestamp":"2024-07-26 21:15:47.560","message":"HikariPool-1 - Shutdown completed.","logger_name":"c.z.h.HikariDataSource","thread_name":"SpringApplicationShutdownHook","level":"INFO"}
